#
# There is insufficient memory for the Java Runtime Environment to continue.
# Native memory allocation (malloc) failed to allocate 972976 bytes for Chunk::new
# Possible reasons:
#   The system is out of physical RAM or swap space
#   The process is running with CompressedOops enabled, and the Java Heap may be blocking the growth of the native heap
# Possible solutions:
#   Reduce memory load on the system
#   Increase physical memory or swap space
#   Check if swap backing store is full
#   Decrease Java heap size (-Xmx/-Xms)
#   Decrease number of Java threads
#   Decrease Java thread stack sizes (-Xss)
#   Set larger code cache with -XX:ReservedCodeCacheSize=
#   JVM is running with Zero Based Compressed Oops mode in which the Java heap is
#     placed in the first 32GB address space. The Java Heap base address is the
#     maximum limit for the native heap growth. Please use -XX:HeapBaseMinAddress
#     to set the Java Heap base and to place the Java Heap above 32GB virtual address.
# This output file may be truncated or incomplete.
#
#  Out of Memory Error (arena.cpp:189), pid=8160, tid=29928
#
# JRE version: Java(TM) SE Runtime Environment (17.0.11+7) (build 17.0.11+7-LTS-207)
# Java VM: Java HotSpot(TM) 64-Bit Server VM (17.0.11+7-LTS-207, mixed mode, sharing, tiered, compressed oops, compressed class ptrs, g1 gc, windows-amd64)
# No core dump will be written. Minidumps are not enabled by default on client versions of Windows
#

---------------  S U M M A R Y ------------

Command Line: -javaagent:C:\Program Files\JetBrains\IntelliJ IDEA Community Edition 2024.1.4\lib\idea_rt.jar=55505:C:\Program Files\JetBrains\IntelliJ IDEA Community Edition 2024.1.4\bin -Dfile.encoding=UTF-8 com.cricket.lane.booking.management.CricketLaneBookingManagementApplication

Host: 13th Gen Intel(R) Core(TM) i5-13420H, 12 cores, 15G,  Windows 11 , 64 bit Build 22621 (10.0.22621.4391)
Time: Sat Feb  8 11:36:05 2025 Sri Lanka Standard Time elapsed time: 5478.534873 seconds (0d 1h 31m 18s)

---------------  T H R E A D  ---------------

Current thread (0x000002257eb4d400):  JavaThread "C2 CompilerThread0" daemon [_thread_in_native, id=29928, stack(0x000000c765000000,0x000000c765100000)]


Current CompileTask:
C2:5478538 6742   !   4       java.util.concurrent.ThreadPoolExecutor::getTask (177 bytes)

Stack: [0x000000c765000000,0x000000c765100000]
Native frames: (J=compiled Java code, j=interpreted, Vv=VM code, C=native code)
V  [jvm.dll+0x679cca]
V  [jvm.dll+0x7da13d]
V  [jvm.dll+0x7dba83]
V  [jvm.dll+0x7dc0f3]
V  [jvm.dll+0x2449af]
V  [jvm.dll+0xab83b]
V  [jvm.dll+0xabe1c]
V  [jvm.dll+0x36155f]
V  [jvm.dll+0x32bd61]
V  [jvm.dll+0x32b1fa]
V  [jvm.dll+0x2161df]
V  [jvm.dll+0x21560f]
V  [jvm.dll+0x1a2040]
V  [jvm.dll+0x225a2b]
V  [jvm.dll+0x223bcb]
V  [jvm.dll+0x7903ec]
V  [jvm.dll+0x78a85a]
V  [jvm.dll+0x678bb5]
C  [ucrtbase.dll+0x29333]
C  [KERNEL32.DLL+0x1259d]
C  [ntdll.dll+0x5af38]


---------------  P R O C E S S  ---------------

Threads class SMR info:
_java_thread_list=0x000002257f4ac240, length=35, elements={
0x000002257eb34af0, 0x000002257eb36180, 0x000002257eb465f0, 0x000002257eb491d0,
0x000002257eb4bca0, 0x000002257eb4c660, 0x000002257eb4d400, 0x000002257eb4deb0,
0x000002257eb517e0, 0x000002257e4bbd50, 0x000002257f08a600, 0x000002257ede3d70,
0x00000225477f96a0, 0x0000022547f6e970, 0x000002254793c810, 0x000002254793c300,
0x0000022547939060, 0x0000022547939570, 0x0000022547939f90, 0x000002254793a4a0,
0x000002254793a9b0, 0x000002254793aec0, 0x000002254793b3d0, 0x000002254793b8e0,
0x000002254793bdf0, 0x0000022549bd3340, 0x0000022549bd19f0, 0x0000022549bd1f00,
0x0000022549bcdd30, 0x0000022549bcd820, 0x0000022549bce240, 0x0000022549bd2410,
0x0000022549bd2920, 0x0000022549bd3850, 0x0000022549bce750
}

Java Threads: ( => current thread )
  0x000002257eb34af0 JavaThread "Reference Handler" daemon [_thread_blocked, id=31364, stack(0x000000c764a00000,0x000000c764b00000)]
  0x000002257eb36180 JavaThread "Finalizer" daemon [_thread_blocked, id=36284, stack(0x000000c764b00000,0x000000c764c00000)]
  0x000002257eb465f0 JavaThread "Signal Dispatcher" daemon [_thread_blocked, id=11848, stack(0x000000c764c00000,0x000000c764d00000)]
  0x000002257eb491d0 JavaThread "Attach Listener" daemon [_thread_blocked, id=9372, stack(0x000000c764d00000,0x000000c764e00000)]
  0x000002257eb4bca0 JavaThread "Service Thread" daemon [_thread_blocked, id=18644, stack(0x000000c764e00000,0x000000c764f00000)]
  0x000002257eb4c660 JavaThread "Monitor Deflation Thread" daemon [_thread_blocked, id=31164, stack(0x000000c764f00000,0x000000c765000000)]
=>0x000002257eb4d400 JavaThread "C2 CompilerThread0" daemon [_thread_in_native, id=29928, stack(0x000000c765000000,0x000000c765100000)]
  0x000002257eb4deb0 JavaThread "C1 CompilerThread0" daemon [_thread_blocked, id=25456, stack(0x000000c765100000,0x000000c765200000)]
  0x000002257eb517e0 JavaThread "Sweeper thread" daemon [_thread_blocked, id=14692, stack(0x000000c765200000,0x000000c765300000)]
  0x000002257e4bbd50 JavaThread "Common-Cleaner" daemon [_thread_blocked, id=29040, stack(0x000000c765300000,0x000000c765400000)]
  0x000002257f08a600 JavaThread "Monitor Ctrl-Break" daemon [_thread_in_native, id=32528, stack(0x000000c765500000,0x000000c765600000)]
  0x000002257ede3d70 JavaThread "Notification Thread" daemon [_thread_blocked, id=15516, stack(0x000000c765600000,0x000000c765700000)]
  0x00000225477f96a0 JavaThread "mysql-cj-abandoned-connection-cleanup" daemon [_thread_blocked, id=33936, stack(0x000000c766400000,0x000000c766500000)]
  0x0000022547f6e970 JavaThread "HikariPool-1 housekeeper" daemon [_thread_blocked, id=22464, stack(0x000000c766600000,0x000000c766700000)]
  0x000002254793c810 JavaThread "Catalina-utility-1" [_thread_blocked, id=19088, stack(0x000000c766800000,0x000000c766900000)]
  0x000002254793c300 JavaThread "Catalina-utility-2" [_thread_blocked, id=4496, stack(0x000000c766900000,0x000000c766a00000)]
  0x0000022547939060 JavaThread "container-0" [_thread_blocked, id=15324, stack(0x000000c766a00000,0x000000c766b00000)]
  0x0000022547939570 JavaThread "pool-1-thread-1" [_thread_blocked, id=7564, stack(0x000000c766b00000,0x000000c766c00000)]
  0x0000022547939f90 JavaThread "pool-1-thread-2" [_thread_blocked, id=15132, stack(0x000000c766c00000,0x000000c766d00000)]
  0x000002254793a4a0 JavaThread "pool-1-thread-3" [_thread_blocked, id=7612, stack(0x000000c766d00000,0x000000c766e00000)]
  0x000002254793a9b0 JavaThread "pool-1-thread-4" [_thread_blocked, id=24352, stack(0x000000c766e00000,0x000000c766f00000)]
  0x000002254793aec0 JavaThread "pool-1-thread-5" [_thread_blocked, id=3260, stack(0x000000c766f00000,0x000000c767000000)]
  0x000002254793b3d0 JavaThread "http-nio-8080-exec-1" daemon [_thread_blocked, id=34060, stack(0x000000c767000000,0x000000c767100000)]
  0x000002254793b8e0 JavaThread "http-nio-8080-exec-2" daemon [_thread_blocked, id=23040, stack(0x000000c767100000,0x000000c767200000)]
  0x000002254793bdf0 JavaThread "http-nio-8080-exec-3" daemon [_thread_blocked, id=25440, stack(0x000000c767200000,0x000000c767300000)]
  0x0000022549bd3340 JavaThread "http-nio-8080-exec-4" daemon [_thread_blocked, id=14888, stack(0x000000c767300000,0x000000c767400000)]
  0x0000022549bd19f0 JavaThread "http-nio-8080-exec-5" daemon [_thread_blocked, id=13280, stack(0x000000c767400000,0x000000c767500000)]
  0x0000022549bd1f00 JavaThread "http-nio-8080-exec-6" daemon [_thread_blocked, id=24364, stack(0x000000c767500000,0x000000c767600000)]
  0x0000022549bcdd30 JavaThread "http-nio-8080-exec-7" daemon [_thread_blocked, id=18632, stack(0x000000c767600000,0x000000c767700000)]
  0x0000022549bcd820 JavaThread "http-nio-8080-exec-8" daemon [_thread_blocked, id=15180, stack(0x000000c767700000,0x000000c767800000)]
  0x0000022549bce240 JavaThread "http-nio-8080-exec-9" daemon [_thread_blocked, id=35984, stack(0x000000c767800000,0x000000c767900000)]
  0x0000022549bd2410 JavaThread "http-nio-8080-exec-10" daemon [_thread_blocked, id=12416, stack(0x000000c767900000,0x000000c767a00000)]
  0x0000022549bd2920 JavaThread "http-nio-8080-Poller" daemon [_thread_in_native, id=26632, stack(0x000000c767a00000,0x000000c767b00000)]
  0x0000022549bd3850 JavaThread "http-nio-8080-Acceptor" daemon [_thread_in_native, id=6644, stack(0x000000c767b00000,0x000000c767c00000)]
  0x0000022549bce750 JavaThread "DestroyJavaVM" [_thread_blocked, id=28476, stack(0x000000c764300000,0x000000c764400000)]

Other Threads:
  0x000002257eb2daa0 VMThread "VM Thread" [stack: 0x000000c764900000,0x000000c764a00000] [id=7452]
  0x000002257ede4660 WatcherThread [stack: 0x000000c765700000,0x000000c765800000] [id=36628]
  0x0000022559c0ce00 GCTaskThread "GC Thread#0" [stack: 0x000000c764400000,0x000000c764500000] [id=28736]
  0x000002257f52e420 GCTaskThread "GC Thread#1" [stack: 0x000000c765800000,0x000000c765900000] [id=3588]
  0x000002257f52e6e0 GCTaskThread "GC Thread#2" [stack: 0x000000c765900000,0x000000c765a00000] [id=30916]
  0x000002257f52efb0 GCTaskThread "GC Thread#3" [stack: 0x000000c765a00000,0x000000c765b00000] [id=1724]
  0x0000022545267de0 GCTaskThread "GC Thread#4" [stack: 0x000000c765b00000,0x000000c765c00000] [id=25336]
  0x00000225452686c0 GCTaskThread "GC Thread#5" [stack: 0x000000c765c00000,0x000000c765d00000] [id=20560]
  0x00000225454d5030 GCTaskThread "GC Thread#6" [stack: 0x000000c765f00000,0x000000c766000000] [id=5608]
  0x00000225456102d0 GCTaskThread "GC Thread#7" [stack: 0x000000c766000000,0x000000c766100000] [id=2280]
  0x00000225455e5960 GCTaskThread "GC Thread#8" [stack: 0x000000c766100000,0x000000c766200000] [id=3116]
  0x00000225455810b0 GCTaskThread "GC Thread#9" [stack: 0x000000c766200000,0x000000c766300000] [id=31988]
  0x0000022559c1dea0 ConcurrentGCThread "G1 Main Marker" [stack: 0x000000c764500000,0x000000c764600000] [id=18896]
  0x0000022559c1f8c0 ConcurrentGCThread "G1 Conc#0" [stack: 0x000000c764600000,0x000000c764700000] [id=7136]
  0x00000225468d8d10 ConcurrentGCThread "G1 Conc#1" [stack: 0x000000c765e00000,0x000000c765f00000] [id=19844]
  0x00000225468da310 ConcurrentGCThread "G1 Conc#2" [stack: 0x000000c766300000,0x000000c766400000] [id=14140]
  0x000002257e38cbe0 ConcurrentGCThread "G1 Refine#0" [stack: 0x000000c764700000,0x000000c764800000] [id=27180]
  0x000002257e38d610 ConcurrentGCThread "G1 Service" [stack: 0x000000c764800000,0x000000c764900000] [id=32504]

Threads with active compile tasks:
C2 CompilerThread0  5478876 6742   !   4       java.util.concurrent.ThreadPoolExecutor::getTask (177 bytes)

VM state: not at safepoint (normal execution)

VM Mutex/Monitor currently owned by a thread: None

Heap address: 0x0000000704c00000, size: 4020 MB, Compressed Oops mode: Zero based, Oop shift amount: 3

CDS archive(s) mapped at: [0x0000022500000000-0x0000022500bd0000-0x0000022500bd0000), size 12386304, SharedBaseAddress: 0x0000022500000000, ArchiveRelocationMode: 1.
Compressed class space mapped at: 0x0000022501000000-0x0000022541000000, reserved size: 1073741824
Narrow klass base: 0x0000022500000000, Narrow klass shift: 0, Narrow klass range: 0x100000000

GC Precious Log:
 CPUs: 12 total, 12 available
 Memory: 16076M
 Large Page Support: Disabled
 NUMA Support: Disabled
 Compressed Oops: Enabled (Zero based)
 Heap Region Size: 2M
 Heap Min Capacity: 8M
 Heap Initial Capacity: 252M
 Heap Max Capacity: 4020M
 Pre-touch: Disabled
 Parallel Workers: 10
 Concurrent Workers: 3
 Concurrent Refinement Workers: 10
 Periodic GC: Disabled

Heap:
 garbage-first heap   total 98304K, used 38111K [0x0000000704c00000, 0x0000000800000000)
  region size 2048K, 6 young (12288K), 3 survivors (6144K)
 Metaspace       used 65837K, committed 66304K, reserved 1114112K
  class space    used 9145K, committed 9344K, reserved 1048576K

Heap Regions: E=young(eden), S=young(survivor), O=old, HS=humongous(starts), HC=humongous(continues), CS=collection set, F=free, OA=open archive, CA=closed archive, TAMS=top-at-mark-start (previous, next)
|   0|0x0000000704c00000, 0x0000000704e00000, 0x0000000704e00000|100%| O|  |TAMS 0x0000000704e00000, 0x0000000704c00000| Untracked 
|   1|0x0000000704e00000, 0x0000000705000000, 0x0000000705000000|100%| O|  |TAMS 0x0000000705000000, 0x0000000704e00000| Untracked 
|   2|0x0000000705000000, 0x0000000705200000, 0x0000000705200000|100%| O|  |TAMS 0x0000000705200000, 0x0000000705000000| Untracked 
|   3|0x0000000705200000, 0x00000007053a5000, 0x0000000705400000| 82%| O|  |TAMS 0x00000007053a5000, 0x0000000705200000| Untracked 
|   4|0x0000000705400000, 0x0000000705600000, 0x0000000705600000|100%| O|  |TAMS 0x0000000705600000, 0x0000000705400000| Untracked 
|   5|0x0000000705600000, 0x0000000705800000, 0x0000000705800000|100%| O|  |TAMS 0x0000000705800000, 0x0000000705600000| Untracked 
|   6|0x0000000705800000, 0x0000000705a00000, 0x0000000705a00000|100%| O|  |TAMS 0x0000000705a00000, 0x0000000705800000| Untracked 
|   7|0x0000000705a00000, 0x0000000705c00000, 0x0000000705c00000|100%| O|  |TAMS 0x0000000705c00000, 0x0000000705a00000| Untracked 
|   8|0x0000000705c00000, 0x0000000705dd0600, 0x0000000705e00000| 90%| O|  |TAMS 0x0000000705dd0600, 0x0000000705c00000| Untracked 
|   9|0x0000000705e00000, 0x0000000706000000, 0x0000000706000000|100%| O|  |TAMS 0x0000000706000000, 0x0000000705e00000| Untracked 
|  10|0x0000000706000000, 0x0000000706200000, 0x0000000706200000|100%| O|  |TAMS 0x0000000706200000, 0x0000000706000000| Untracked 
|  11|0x0000000706200000, 0x0000000706400000, 0x0000000706400000|100%| O|  |TAMS 0x0000000706400000, 0x0000000706200000| Untracked 
|  12|0x0000000706400000, 0x0000000706600000, 0x0000000706600000|100%| O|  |TAMS 0x000000070659d800, 0x0000000706400000| Untracked 
|  13|0x0000000706600000, 0x0000000706800000, 0x0000000706800000|100%| O|  |TAMS 0x0000000706600000, 0x0000000706600000| Untracked 
|  14|0x0000000706800000, 0x0000000706869e00, 0x0000000706a00000| 20%| O|  |TAMS 0x0000000706800000, 0x0000000706800000| Untracked 
|  15|0x0000000706a00000, 0x0000000706a00000, 0x0000000706c00000|  0%| F|  |TAMS 0x0000000706a00000, 0x0000000706a00000| Untracked 
|  16|0x0000000706c00000, 0x0000000706c00000, 0x0000000706e00000|  0%| F|  |TAMS 0x0000000706c00000, 0x0000000706c00000| Untracked 
|  17|0x0000000706e00000, 0x0000000706e00000, 0x0000000707000000|  0%| F|  |TAMS 0x0000000706e00000, 0x0000000706e00000| Untracked 
|  18|0x0000000707000000, 0x0000000707000000, 0x0000000707200000|  0%| F|  |TAMS 0x0000000707000000, 0x0000000707000000| Untracked 
|  19|0x0000000707200000, 0x0000000707200000, 0x0000000707400000|  0%| F|  |TAMS 0x0000000707200000, 0x0000000707200000| Untracked 
|  20|0x0000000707400000, 0x0000000707400000, 0x0000000707600000|  0%| F|  |TAMS 0x0000000707400000, 0x0000000707400000| Untracked 
|  21|0x0000000707600000, 0x00000007077589c0, 0x0000000707800000| 67%| S|CS|TAMS 0x0000000707600000, 0x0000000707600000| Complete 
|  22|0x0000000707800000, 0x0000000707a00000, 0x0000000707a00000|100%| S|CS|TAMS 0x0000000707800000, 0x0000000707800000| Complete 
|  23|0x0000000707a00000, 0x0000000707c00000, 0x0000000707c00000|100%| S|CS|TAMS 0x0000000707a00000, 0x0000000707a00000| Complete 
|  24|0x0000000707c00000, 0x0000000707c00000, 0x0000000707e00000|  0%| F|  |TAMS 0x0000000707c00000, 0x0000000707c00000| Untracked 
|  25|0x0000000707e00000, 0x0000000707e00000, 0x0000000708000000|  0%| F|  |TAMS 0x0000000707e00000, 0x0000000707e00000| Untracked 
|  26|0x0000000708000000, 0x0000000708000000, 0x0000000708200000|  0%| F|  |TAMS 0x0000000708000000, 0x0000000708000000| Untracked 
|  27|0x0000000708200000, 0x0000000708200000, 0x0000000708400000|  0%| F|  |TAMS 0x0000000708200000, 0x0000000708200000| Untracked 
|  28|0x0000000708400000, 0x0000000708400000, 0x0000000708600000|  0%| F|  |TAMS 0x0000000708400000, 0x0000000708400000| Untracked 
|  29|0x0000000708600000, 0x0000000708600000, 0x0000000708800000|  0%| F|  |TAMS 0x0000000708600000, 0x0000000708600000| Untracked 
|  30|0x0000000708800000, 0x0000000708800000, 0x0000000708a00000|  0%| F|  |TAMS 0x0000000708800000, 0x0000000708800000| Untracked 
|  31|0x0000000708a00000, 0x0000000708a00000, 0x0000000708c00000|  0%| F|  |TAMS 0x0000000708a00000, 0x0000000708a00000| Untracked 
|  32|0x0000000708c00000, 0x0000000708c00000, 0x0000000708e00000|  0%| F|  |TAMS 0x0000000708c00000, 0x0000000708c00000| Untracked 
|  33|0x0000000708e00000, 0x0000000708e00000, 0x0000000709000000|  0%| F|  |TAMS 0x0000000708e00000, 0x0000000708e00000| Untracked 
|  34|0x0000000709000000, 0x0000000709000000, 0x0000000709200000|  0%| F|  |TAMS 0x0000000709000000, 0x0000000709000000| Untracked 
|  35|0x0000000709200000, 0x0000000709200000, 0x0000000709400000|  0%| F|  |TAMS 0x0000000709200000, 0x0000000709200000| Untracked 
|  36|0x0000000709400000, 0x0000000709400000, 0x0000000709600000|  0%| F|  |TAMS 0x0000000709400000, 0x0000000709400000| Untracked 
|  37|0x0000000709600000, 0x0000000709600000, 0x0000000709800000|  0%| F|  |TAMS 0x0000000709600000, 0x0000000709600000| Untracked 
|  38|0x0000000709800000, 0x0000000709800000, 0x0000000709a00000|  0%| F|  |TAMS 0x0000000709800000, 0x0000000709800000| Untracked 
|  39|0x0000000709a00000, 0x0000000709a00000, 0x0000000709c00000|  0%| F|  |TAMS 0x0000000709a00000, 0x0000000709a00000| Untracked 
|  40|0x0000000709c00000, 0x0000000709c00000, 0x0000000709e00000|  0%| F|  |TAMS 0x0000000709c00000, 0x0000000709c00000| Untracked 
|  41|0x0000000709e00000, 0x0000000709e00000, 0x000000070a000000|  0%| F|  |TAMS 0x0000000709e00000, 0x0000000709e00000| Untracked 
|  42|0x000000070a000000, 0x000000070a000000, 0x000000070a200000|  0%| F|  |TAMS 0x000000070a000000, 0x000000070a000000| Untracked 
|  43|0x000000070a200000, 0x000000070a200000, 0x000000070a400000|  0%| F|  |TAMS 0x000000070a200000, 0x000000070a200000| Untracked 
|  44|0x000000070a400000, 0x000000070a400000, 0x000000070a600000|  0%| F|  |TAMS 0x000000070a400000, 0x000000070a400000| Untracked 
|  45|0x000000070a600000, 0x000000070a616b20, 0x000000070a800000|  4%| E|  |TAMS 0x000000070a600000, 0x000000070a600000| Complete 
|  46|0x000000070a800000, 0x000000070aa00000, 0x000000070aa00000|100%| E|CS|TAMS 0x000000070a800000, 0x000000070a800000| Complete 
| 125|0x0000000714600000, 0x0000000714800000, 0x0000000714800000|100%| E|CS|TAMS 0x0000000714600000, 0x0000000714600000| Complete 

Card table byte_map: [0x0000022573090000,0x0000022573870000] _byte_map_base: 0x000002256f86a000

Marking Bits (Prev, Next): (CMBitMap*) 0x0000022559c0d460, (CMBitMap*) 0x0000022559c0d420
 Prev Bits: [0x0000022577f20000, 0x000002257bdf0000)
 Next Bits: [0x0000022574050000, 0x0000022577f20000)

Polling page: 0x0000022559c60000

Metaspace:

Usage:
  Non-class:     55.36 MB used.
      Class:      8.93 MB used.
       Both:     64.29 MB used.

Virtual space:
  Non-class space:       64.00 MB reserved,      55.62 MB ( 87%) committed,  1 nodes.
      Class space:        1.00 GB reserved,       9.12 MB ( <1%) committed,  1 nodes.
             Both:        1.06 GB reserved,      64.75 MB (  6%) committed. 

Chunk freelists:
   Non-Class:  8.22 MB
       Class:  6.70 MB
        Both:  14.91 MB

MaxMetaspaceSize: unlimited
CompressedClassSpaceSize: 1.00 GB
Initial GC threshold: 21.00 MB
Current GC threshold: 98.25 MB
CDS: on
MetaspaceReclaimPolicy: balanced
 - commit_granule_bytes: 65536.
 - commit_granule_words: 8192.
 - virtual_space_node_default_size: 8388608.
 - enlarge_chunks_in_place: 1.
 - new_chunks_are_fully_committed: 0.
 - uncommit_free_chunks: 1.
 - use_allocation_guard: 0.
 - handle_deallocations: 1.


Internal statistics:

num_allocs_failed_limit: 9.
num_arena_births: 710.
num_arena_deaths: 0.
num_vsnodes_births: 2.
num_vsnodes_deaths: 0.
num_space_committed: 1036.
num_space_uncommitted: 0.
num_chunks_returned_to_freelist: 9.
num_chunks_taken_from_freelist: 3088.
num_chunk_merges: 0.
num_chunk_splits: 2278.
num_chunks_enlarged: 1814.
num_inconsistent_stats: 0.

CodeHeap 'non-profiled nmethods': size=120000Kb used=4414Kb max_used=4414Kb free=115585Kb
 bounds [0x000002256a6f0000, 0x000002256ab40000, 0x0000022571c20000]
CodeHeap 'profiled nmethods': size=120000Kb used=11254Kb max_used=11254Kb free=108745Kb
 bounds [0x0000022562c20000, 0x0000022563720000, 0x000002256a150000]
CodeHeap 'non-nmethods': size=5760Kb used=1326Kb max_used=1375Kb free=4433Kb
 bounds [0x000002256a150000, 0x000002256a3c0000, 0x000002256a6f0000]
 total_blobs=6617 nmethods=5959 adapters=570
 compilation: enabled
              stopped_count=0, restarted_count=0
 full_count=0

Compilation events (20 events):
Event: 5062.607 Thread 0x000002257eb4d400 nmethod 6733 0x000002256ab3b510 code [0x000002256ab3b680, 0x000002256ab3b738]
Event: 5112.173 Thread 0x000002257eb4deb0 6734       3       java.util.concurrent.ScheduledThreadPoolExecutor::triggerTime (22 bytes)
Event: 5112.175 Thread 0x000002257eb4deb0 nmethod 6734 0x000002256371ce90 code [0x000002256371d040, 0x000002256371d228]
Event: 5145.949 Thread 0x000002257eb4d400 6735       4       java.util.concurrent.locks.AbstractQueuedSynchronizer::acquire (20 bytes)
Event: 5145.969 Thread 0x000002257eb4d400 nmethod 6735 0x000002256ab3b810 code [0x000002256ab3b9a0, 0x000002256ab3bb88]
Event: 5334.583 Thread 0x000002257eb4d400 6736       4       java.util.concurrent.locks.AbstractQueuedSynchronizer$Node::clearStatus (12 bytes)
Event: 5334.585 Thread 0x000002257eb4d400 nmethod 6736 0x000002256ab3bc90 code [0x000002256ab3be00, 0x000002256ab3be78]
Event: 5347.581 Thread 0x000002257eb4d400 6737   !   4       java.util.concurrent.locks.AbstractQueuedSynchronizer::acquire (407 bytes)
Event: 5347.775 Thread 0x000002257eb4d400 nmethod 6737 0x000002256ab3bf90 code [0x000002256ab3c140, 0x000002256ab3cd68]
Event: 5376.529 Thread 0x000002257eb4d400 6738       4       java.util.Collections$SetFromMap::iterator (10 bytes)
Event: 5376.647 Thread 0x000002257eb4d400 nmethod 6738 0x000002256ab3d310 code [0x000002256ab3d4c0, 0x000002256ab3da98]
Event: 5389.616 Thread 0x000002257eb4d400 6739       4       org.apache.coyote.AbstractProtocol::lambda$startAsyncTimeout$1 (46 bytes)
Event: 5389.710 Thread 0x000002257eb4d400 nmethod 6739 0x000002256ab3de10 code [0x000002256ab3dfc0, 0x000002256ab3e698]
Event: 5403.582 Thread 0x000002257eb4d400 6740       4       java.util.concurrent.locks.AbstractQueuedSynchronizer$ConditionObject::enableWait (84 bytes)
Event: 5403.709 Thread 0x000002257eb4d400 nmethod 6740 0x000002256ab3eb10 code [0x000002256ab3eca0, 0x000002256ab3f228]
Event: 5473.591 Thread 0x000002257eb4d400 6741       4       java.util.concurrent.ThreadPoolExecutor$Worker::lock (6 bytes)
Event: 5473.602 Thread 0x000002257eb4d400 nmethod 6741 0x000002256ab3f510 code [0x000002256ab3f680, 0x000002256ab3f7f8]
Event: 5477.839 Thread 0x000002257eb4d400 6742   !   4       java.util.concurrent.ThreadPoolExecutor::getTask (177 bytes)
Event: 5478.490 Thread 0x000002257eb4deb0 6743       3       java.util.TreeSet::<init> (10 bytes)
Event: 5478.498 Thread 0x000002257eb4deb0 nmethod 6743 0x000002256371d310 code [0x000002256371d4c0, 0x000002256371d758]

GC Heap History (20 events):
Event: 2.089 GC heap before
{Heap before GC invocations=2 (full 0):
 garbage-first heap   total 258048K, used 67304K [0x0000000704c00000, 0x0000000800000000)
  region size 2048K, 31 young (63488K), 2 survivors (4096K)
 Metaspace       used 21248K, committed 21504K, reserved 1114112K
  class space    used 2638K, committed 2752K, reserved 1048576K
}
Event: 2.094 GC heap after
{Heap after GC invocations=3 (full 0):
 garbage-first heap   total 258048K, used 14555K [0x0000000704c00000, 0x0000000800000000)
  region size 2048K, 4 young (8192K), 4 survivors (8192K)
 Metaspace       used 21248K, committed 21504K, reserved 1114112K
  class space    used 2638K, committed 2752K, reserved 1048576K
}
Event: 2.847 GC heap before
{Heap before GC invocations=4 (full 0):
 garbage-first heap   total 61440K, used 43227K [0x0000000704c00000, 0x0000000800000000)
  region size 2048K, 18 young (36864K), 4 survivors (8192K)
 Metaspace       used 27304K, committed 27776K, reserved 1114112K
  class space    used 3435K, committed 3648K, reserved 1048576K
}
Event: 2.855 GC heap after
{Heap after GC invocations=5 (full 0):
 garbage-first heap   total 61440K, used 18019K [0x0000000704c00000, 0x0000000800000000)
  region size 2048K, 2 young (4096K), 2 survivors (4096K)
 Metaspace       used 27304K, committed 27776K, reserved 1114112K
  class space    used 3435K, committed 3648K, reserved 1048576K
}
Event: 3.287 GC heap before
{Heap before GC invocations=5 (full 0):
 garbage-first heap   total 61440K, used 38499K [0x0000000704c00000, 0x0000000800000000)
  region size 2048K, 12 young (24576K), 2 survivors (4096K)
 Metaspace       used 31326K, committed 31744K, reserved 1114112K
  class space    used 4045K, committed 4224K, reserved 1048576K
}
Event: 3.291 GC heap after
{Heap after GC invocations=6 (full 0):
 garbage-first heap   total 61440K, used 19641K [0x0000000704c00000, 0x0000000800000000)
  region size 2048K, 1 young (2048K), 1 survivors (2048K)
 Metaspace       used 31326K, committed 31744K, reserved 1114112K
  class space    used 4045K, committed 4224K, reserved 1048576K
}
Event: 3.546 GC heap before
{Heap before GC invocations=6 (full 0):
 garbage-first heap   total 61440K, used 33977K [0x0000000704c00000, 0x0000000800000000)
  region size 2048K, 9 young (18432K), 1 survivors (2048K)
 Metaspace       used 35703K, committed 36096K, reserved 1114112K
  class space    used 4608K, committed 4800K, reserved 1048576K
}
Event: 3.552 GC heap after
{Heap after GC invocations=7 (full 0):
 garbage-first heap   total 159744K, used 20290K [0x0000000704c00000, 0x0000000800000000)
  region size 2048K, 2 young (4096K), 2 survivors (4096K)
 Metaspace       used 35703K, committed 36096K, reserved 1114112K
  class space    used 4608K, committed 4800K, reserved 1048576K
}
Event: 4.546 GC heap before
{Heap before GC invocations=8 (full 0):
 garbage-first heap   total 81920K, used 65346K [0x0000000704c00000, 0x0000000800000000)
  region size 2048K, 24 young (49152K), 2 survivors (4096K)
 Metaspace       used 46888K, committed 47296K, reserved 1114112K
  class space    used 6337K, committed 6528K, reserved 1048576K
}
Event: 4.553 GC heap after
{Heap after GC invocations=9 (full 0):
 garbage-first heap   total 81920K, used 23253K [0x0000000704c00000, 0x0000000800000000)
  region size 2048K, 3 young (6144K), 3 survivors (6144K)
 Metaspace       used 46888K, committed 47296K, reserved 1114112K
  class space    used 6337K, committed 6528K, reserved 1048576K
}
Event: 5.184 GC heap before
{Heap before GC invocations=9 (full 0):
 garbage-first heap   total 81920K, used 60117K [0x0000000704c00000, 0x0000000800000000)
  region size 2048K, 21 young (43008K), 3 survivors (6144K)
 Metaspace       used 53288K, committed 53760K, reserved 1114112K
  class space    used 7202K, committed 7424K, reserved 1048576K
}
Event: 5.189 GC heap after
{Heap after GC invocations=10 (full 0):
 garbage-first heap   total 81920K, used 25742K [0x0000000704c00000, 0x0000000800000000)
  region size 2048K, 3 young (6144K), 3 survivors (6144K)
 Metaspace       used 53288K, committed 53760K, reserved 1114112K
  class space    used 7202K, committed 7424K, reserved 1048576K
}
Event: 5.451 GC heap before
{Heap before GC invocations=10 (full 0):
 garbage-first heap   total 81920K, used 60558K [0x0000000704c00000, 0x0000000800000000)
  region size 2048K, 20 young (40960K), 3 survivors (6144K)
 Metaspace       used 55598K, committed 56000K, reserved 1114112K
  class space    used 7622K, committed 7808K, reserved 1048576K
}
Event: 5.454 GC heap after
{Heap after GC invocations=11 (full 0):
 garbage-first heap   total 81920K, used 27633K [0x0000000704c00000, 0x0000000800000000)
  region size 2048K, 3 young (6144K), 3 survivors (6144K)
 Metaspace       used 55598K, committed 56000K, reserved 1114112K
  class space    used 7622K, committed 7808K, reserved 1048576K
}
Event: 5.665 GC heap before
{Heap before GC invocations=11 (full 0):
 garbage-first heap   total 81920K, used 60401K [0x0000000704c00000, 0x0000000800000000)
  region size 2048K, 19 young (38912K), 3 survivors (6144K)
 Metaspace       used 56695K, committed 57152K, reserved 1114112K
  class space    used 7835K, committed 8064K, reserved 1048576K
}
Event: 5.668 GC heap after
{Heap after GC invocations=12 (full 0):
 garbage-first heap   total 81920K, used 29328K [0x0000000704c00000, 0x0000000800000000)
  region size 2048K, 2 young (4096K), 2 survivors (4096K)
 Metaspace       used 56695K, committed 57152K, reserved 1114112K
  class space    used 7835K, committed 8064K, reserved 1048576K
}
Event: 6.190 GC heap before
{Heap before GC invocations=12 (full 0):
 garbage-first heap   total 81920K, used 60048K [0x0000000704c00000, 0x0000000800000000)
  region size 2048K, 19 young (38912K), 2 survivors (4096K)
 Metaspace       used 59869K, committed 60288K, reserved 1114112K
  class space    used 8270K, committed 8448K, reserved 1048576K
}
Event: 6.195 GC heap after
{Heap after GC invocations=13 (full 0):
 garbage-first heap   total 81920K, used 31080K [0x0000000704c00000, 0x0000000800000000)
  region size 2048K, 2 young (4096K), 2 survivors (4096K)
 Metaspace       used 59869K, committed 60288K, reserved 1114112K
  class space    used 8270K, committed 8448K, reserved 1048576K
}
Event: 131.187 GC heap before
{Heap before GC invocations=14 (full 0):
 garbage-first heap   total 81920K, used 61800K [0x0000000704c00000, 0x0000000800000000)
  region size 2048K, 18 young (36864K), 2 survivors (4096K)
 Metaspace       used 65599K, committed 66112K, reserved 1114112K
  class space    used 9131K, committed 9344K, reserved 1048576K
}
Event: 131.200 GC heap after
{Heap after GC invocations=15 (full 0):
 garbage-first heap   total 98304K, used 34015K [0x0000000704c00000, 0x0000000800000000)
  region size 2048K, 3 young (6144K), 3 survivors (6144K)
 Metaspace       used 65599K, committed 66112K, reserved 1114112K
  class space    used 9131K, committed 9344K, reserved 1048576K
}

Deoptimization events (20 events):
Event: 131.162 Thread 0x0000022549bd2410 Uncommon trap: trap_request=0xffffff45 fr.pc=0x000002256a7b9bc8 relative=0x0000000000000048
Event: 131.162 Thread 0x0000022549bd2410 Uncommon trap: reason=unstable_if action=reinterpret pc=0x000002256a7b9bc8 method=java.lang.StringConcatHelper.stringOf(Ljava/lang/Object;)Ljava/lang/String; @ 1 c2
Event: 131.162 Thread 0x0000022549bd2410 DEOPT PACKING pc=0x000002256a7b9bc8 sp=0x000000c7679fb090
Event: 131.162 Thread 0x0000022549bd2410 DEOPT UNPACKING pc=0x000002256a1a23a3 sp=0x000000c7679fb020 mode 2
Event: 4751.187 Thread 0x0000022547f6e970 Uncommon trap: trap_request=0xffffff45 fr.pc=0x000002256ab2dad8 relative=0x00000000000000b8
Event: 4751.189 Thread 0x0000022547f6e970 Uncommon trap: reason=unstable_if action=reinterpret pc=0x000002256ab2dad8 method=java.util.concurrent.TimeUnit.convert(JLjava/util/concurrent/TimeUnit;)J @ 8 c2
Event: 4751.190 Thread 0x0000022547f6e970 DEOPT PACKING pc=0x000002256ab2dad8 sp=0x000000c7666fed50
Event: 4751.192 Thread 0x0000022547f6e970 DEOPT UNPACKING pc=0x000002256a1a23a3 sp=0x000000c7666fed00 mode 2
Event: 4751.226 Thread 0x0000022547f6e970 Uncommon trap: trap_request=0xffffff45 fr.pc=0x000002256a712928 relative=0x0000000000000128
Event: 4751.227 Thread 0x0000022547f6e970 Uncommon trap: reason=unstable_if action=reinterpret pc=0x000002256a712928 method=java.lang.StringCoding.hasNegatives([BII)Z @ 12 c2
Event: 4751.227 Thread 0x0000022547f6e970 DEOPT PACKING pc=0x000002256a712928 sp=0x000000c7666fe7d0
Event: 4751.227 Thread 0x0000022547f6e970 DEOPT UNPACKING pc=0x000002256a1a23a3 sp=0x000000c7666fe760 mode 2
Event: 4751.562 Thread 0x0000022549bd0fd0 DEOPT PACKING pc=0x0000022563707fd6 sp=0x000000c7641fe950
Event: 4751.562 Thread 0x0000022549bd0fd0 DEOPT UNPACKING pc=0x000002256a1a2b43 sp=0x000000c7641fddd8 mode 0
Event: 4751.714 Thread 0x0000022549bd0fd0 DEOPT PACKING pc=0x0000022563707fd6 sp=0x000000c7641fed40
Event: 4751.714 Thread 0x0000022549bd0fd0 DEOPT UNPACKING pc=0x000002256a1a2b43 sp=0x000000c7641fe1c8 mode 0
Event: 4786.595 Thread 0x000002254793c810 Uncommon trap: trap_request=0xffffff45 fr.pc=0x000002256ab2c254 relative=0x00000000000000b4
Event: 4786.595 Thread 0x000002254793c810 Uncommon trap: reason=unstable_if action=reinterpret pc=0x000002256ab2c254 method=java.util.concurrent.ScheduledThreadPoolExecutor$ScheduledFutureTask.compareTo(Ljava/util/concurrent/Delayed;)I @ 40 c2
Event: 4786.595 Thread 0x000002254793c810 DEOPT PACKING pc=0x000002256ab2c254 sp=0x000000c7668fec00
Event: 4786.595 Thread 0x000002254793c810 DEOPT UNPACKING pc=0x000002256a1a23a3 sp=0x000000c7668feb88 mode 2

Classes unloaded (0 events):
No events

Classes redefined (0 events):
No events

Internal exceptions (20 events):
Event: 5.719 Thread 0x0000022559ba5b00 Exception <a 'java/io/FileNotFoundException'{0x00000007094dc5e0}> (0x00000007094dc5e0) 
thrown [s\open\src\hotspot\share\prims\jni.cpp, line 516]
Event: 5.720 Thread 0x0000022559ba5b00 Exception <a 'java/io/FileNotFoundException'{0x00000007094e7538}> (0x00000007094e7538) 
thrown [s\open\src\hotspot\share\prims\jni.cpp, line 516]
Event: 5.843 Thread 0x0000022559ba5b00 Exception <a 'sun/nio/fs/WindowsException'{0x0000000708f5d388}> (0x0000000708f5d388) 
thrown [s\open\src\hotspot\share\prims\jni.cpp, line 516]
Event: 5.857 Thread 0x0000022559ba5b00 Implicit null exception at 0x000002256a7d33bd to 0x000002256a7d347a
Event: 5.875 Thread 0x0000022559ba5b00 Exception <a 'java/lang/reflect/InvocationTargetException'{0x00000007089e23d8}> (0x00000007089e23d8) 
thrown [s\open\src\hotspot\share\runtime\reflection.cpp, line 1121]
Event: 5.879 Thread 0x0000022559ba5b00 Exception <a 'java/lang/reflect/InvocationTargetException'{0x00000007089f2cc0}> (0x00000007089f2cc0) 
thrown [s\open\src\hotspot\share\runtime\reflection.cpp, line 1121]
Event: 6.210 Thread 0x0000022559ba5b00 Exception <a 'java/lang/IncompatibleClassChangeError'{0x00000007146bce80}: Found class java.lang.Object, but interface was expected> (0x00000007146bce80) 
thrown [s\open\src\hotspot\share\interpreter\linkResolver.cpp, line 826]
Event: 6.356 Thread 0x0000022559ba5b00 Exception <a 'java/lang/NoSuchMethodError'{0x000000070944ad78}: 'void java.lang.invoke.DirectMethodHandle$Holder.invokeVirtual(java.lang.Object, java.lang.Object, int)'> (0x000000070944ad78) 
thrown [s\open\src\hotspot\share\interpreter\linkResolver.cpp, line 759]
Event: 6.359 Thread 0x0000022559ba5b00 Exception <a 'java/lang/NoSuchMethodError'{0x0000000709465920}: 'void java.lang.invoke.DirectMethodHandle$Holder.invokeVirtual(java.lang.Object, java.lang.Object, long)'> (0x0000000709465920) 
thrown [s\open\src\hotspot\share\interpreter\linkResolver.cpp, line 759]
Event: 6.426 Thread 0x0000022559ba5b00 Exception <a 'java/lang/NoSuchMethodError'{0x00000007093c1b58}: 'int java.lang.invoke.DirectMethodHandle$Holder.invokeStaticInit(java.lang.Object, java.lang.Object, java.lang.Object, java.lang.Object)'> (0x00000007093c1b58) 
thrown [s\open\src\hotspot\share\interpreter\linkResolver.cpp, line 759]
Event: 6.431 Thread 0x0000022559ba5b00 Implicit null exception at 0x000002256a8b2067 to 0x000002256a8b2640
Event: 6.552 Thread 0x0000022559ba5b00 Exception <a 'java/lang/NoSuchMethodError'{0x0000000708b25648}: 'java.lang.Object java.lang.invoke.DirectMethodHandle$Holder.newInvokeSpecial(java.lang.Object, java.lang.Object, int, java.lang.Object, java.lang.Object)'> (0x0000000708b25648) 
thrown [s\open\src\hotspot\share\interpreter\linkResolver.cpp, line 759]
Event: 6.553 Thread 0x0000022559ba5b00 Exception <a 'java/lang/NoSuchMethodError'{0x0000000708b309d8}: 'java.lang.Object java.lang.invoke.DirectMethodHandle$Holder.invokeSpecial(java.lang.Object, java.lang.Object, int, java.lang.Object, int, java.lang.Object)'> (0x0000000708b309d8) 
thrown [s\open\src\hotspot\share\interpreter\linkResolver.cpp, line 759]
Event: 6.553 Thread 0x0000022559ba5b00 Exception <a 'java/lang/NoSuchMethodError'{0x0000000708b38750}: 'java.lang.Object java.lang.invoke.DirectMethodHandle$Holder.newInvokeSpecial(java.lang.Object, java.lang.Object, int, java.lang.Object, int)'> (0x0000000708b38750) 
thrown [s\open\src\hotspot\share\interpreter\linkResolver.cpp, line 759]
Event: 6.553 Thread 0x0000022559ba5b00 Exception <a 'java/lang/NoSuchMethodError'{0x0000000708b3c850}: 'java.lang.Object java.lang.invoke.DirectMethodHandle$Holder.invokeSpecial(java.lang.Object, java.lang.Object, java.lang.Object, int, java.lang.Object, int)'> (0x0000000708b3c850) 
thrown [s\open\src\hotspot\share\interpreter\linkResolver.cpp, line 759]
Event: 11.299 Thread 0x000002254793b3d0 Exception <a 'java/lang/NoSuchMethodError'{0x0000000708787b20}: 'java.lang.Object java.lang.invoke.DirectMethodHandle$Holder.invokeSpecial(java.lang.Object, java.lang.Object, java.lang.Object, java.lang.Object, java.lang.Object, long)'> (0x0000000708787b20) 
thrown [s\open\src\hotspot\share\interpreter\linkResolver.cpp, line 759]
Event: 11.300 Thread 0x000002254793b3d0 Exception <a 'java/lang/NoSuchMethodError'{0x000000070878b7d0}: 'java.lang.Object java.lang.invoke.Invokers$Holder.linkToTargetMethod(java.lang.Object, java.lang.Object, java.lang.Object, long, java.lang.Object)'> (0x000000070878b7d0) 
thrown [s\open\src\hotspot\share\interpreter\linkResolver.cpp, line 759]
Event: 11.551 Thread 0x000002254793b3d0 Exception <a 'java/lang/NoSuchMethodError'{0x00000007081d5540}: 'void java.lang.invoke.DirectMethodHandle$Holder.invokeStaticInit(java.lang.Object, java.lang.Object, java.lang.Object, java.lang.Object, java.lang.Object)'> (0x00000007081d5540) 
thrown [s\open\src\hotspot\share\interpreter\linkResolver.cpp, line 759]
Event: 11.566 Thread 0x000002254793b3d0 Exception <a 'java/lang/IncompatibleClassChangeError'{0x0000000707e36d88}: Found class java.lang.Object, but interface was expected> (0x0000000707e36d88) 
thrown [s\open\src\hotspot\share\interpreter\linkResolver.cpp, line 826]
Event: 11.587 Thread 0x000002254793b3d0 Implicit null exception at 0x000002256aabb77e to 0x000002256aabcb84

VM Operations (20 events):
Event: 655.899 Executing VM operation: Cleanup
Event: 655.899 Executing VM operation: Cleanup done
Event: 976.743 Executing VM operation: Cleanup
Event: 976.744 Executing VM operation: Cleanup done
Event: 1017.072 Executing VM operation: Cleanup
Event: 1017.072 Executing VM operation: Cleanup done
Event: 4727.486 Executing VM operation: Cleanup
Event: 4727.487 Executing VM operation: Cleanup done
Event: 4751.695 Executing VM operation: Cleanup
Event: 4751.695 Executing VM operation: Cleanup done
Event: 4752.698 Executing VM operation: Cleanup
Event: 4752.699 Executing VM operation: Cleanup done
Event: 4756.724 Executing VM operation: Cleanup
Event: 4756.724 Executing VM operation: Cleanup done
Event: 5059.552 Executing VM operation: Cleanup
Event: 5059.552 Executing VM operation: Cleanup done
Event: 5064.603 Executing VM operation: Cleanup
Event: 5064.604 Executing VM operation: Cleanup done
Event: 5377.680 Executing VM operation: Cleanup
Event: 5377.681 Executing VM operation: Cleanup done

Events (20 events):
Event: 4751.369 loading class javax/crypto/NoSuchPaddingException
Event: 4751.370 loading class javax/crypto/NoSuchPaddingException done
Event: 4751.371 loading class javax/crypto/IllegalBlockSizeException
Event: 4751.372 loading class javax/crypto/IllegalBlockSizeException done
Event: 4751.372 loading class javax/crypto/BadPaddingException
Event: 4751.373 loading class javax/crypto/BadPaddingException done
Event: 4751.373 loading class java/security/UnrecoverableKeyException
Event: 4751.376 loading class java/security/UnrecoverableEntryException
Event: 4751.377 loading class java/security/UnrecoverableEntryException done
Event: 4751.377 loading class java/security/UnrecoverableKeyException done
Event: 4751.377 loading class java/security/KeyStoreException
Event: 4751.377 loading class java/security/KeyStoreException done
Event: 4751.377 loading class java/security/KeyManagementException
Event: 4751.379 loading class java/security/KeyManagementException done
Event: 4751.379 loading class javax/net/ssl/TrustManager
Event: 4751.380 loading class javax/net/ssl/TrustManager done
Event: 4751.380 loading class javax/net/ssl/SSLSocket
Event: 4751.382 loading class javax/net/ssl/SSLSocket done
Event: 4756.411 Thread 0x0000022549bd0ac0 Thread exited: 0x0000022549bd0ac0
Event: 4756.770 Thread 0x0000022549bd0fd0 Thread exited: 0x0000022549bd0fd0


Dynamic libraries:
0x00007ff733890000 - 0x00007ff7338a0000 	C:\Program Files\Java\jdk-17\bin\java.exe
0x00007ffdba850000 - 0x00007ffdbaa67000 	C:\Windows\SYSTEM32\ntdll.dll
0x00007ffdb9e40000 - 0x00007ffdb9f04000 	C:\Windows\System32\KERNEL32.DLL
0x00007ffdb7e90000 - 0x00007ffdb824a000 	C:\Windows\System32\KERNELBASE.dll
0x00007ffdb7c40000 - 0x00007ffdb7d51000 	C:\Windows\System32\ucrtbase.dll
0x00007ffdae130000 - 0x00007ffdae149000 	C:\Program Files\Java\jdk-17\bin\jli.dll
0x00007ffdba180000 - 0x00007ffdba232000 	C:\Windows\System32\ADVAPI32.dll
0x00007ffdae110000 - 0x00007ffdae12b000 	C:\Program Files\Java\jdk-17\bin\VCRUNTIME140.dll
0x00007ffdb8550000 - 0x00007ffdb85f7000 	C:\Windows\System32\msvcrt.dll
0x00007ffdb8bf0000 - 0x00007ffdb8c97000 	C:\Windows\System32\sechost.dll
0x00007ffdb8250000 - 0x00007ffdb8278000 	C:\Windows\System32\bcrypt.dll
0x00007ffdb9d20000 - 0x00007ffdb9e34000 	C:\Windows\System32\RPCRT4.dll
0x00007ffdb8ca0000 - 0x00007ffdb8e4e000 	C:\Windows\System32\USER32.dll
0x00007ffdb7e60000 - 0x00007ffdb7e86000 	C:\Windows\System32\win32u.dll
0x00007ffdb9f10000 - 0x00007ffdb9f39000 	C:\Windows\System32\GDI32.dll
0x00007ffd89b90000 - 0x00007ffd89e22000 	C:\Windows\WinSxS\amd64_microsoft.windows.common-controls_6595b64144ccf1df_6.0.22621.4541_none_2710d1c57384c085\COMCTL32.dll
0x00007ffdb7b20000 - 0x00007ffdb7c3b000 	C:\Windows\System32\gdi32full.dll
0x00007ffdb84b0000 - 0x00007ffdb854a000 	C:\Windows\System32\msvcp_win.dll
0x00007ffda0aa0000 - 0x00007ffda0aaa000 	C:\Windows\SYSTEM32\VERSION.dll
0x00007ffdb9010000 - 0x00007ffdb9041000 	C:\Windows\System32\IMM32.DLL
0x00007ffdb0ee0000 - 0x00007ffdb0eec000 	C:\Program Files\Java\jdk-17\bin\vcruntime140_1.dll
0x00007ffda22a0000 - 0x00007ffda232e000 	C:\Program Files\Java\jdk-17\bin\msvcp140.dll
0x00007ffd35510000 - 0x00007ffd360f0000 	C:\Program Files\Java\jdk-17\bin\server\jvm.dll
0x00007ffdb9000000 - 0x00007ffdb9008000 	C:\Windows\System32\PSAPI.DLL
0x00007ffdadd40000 - 0x00007ffdadd74000 	C:\Windows\SYSTEM32\WINMM.dll
0x00007ffd90980000 - 0x00007ffd90989000 	C:\Windows\SYSTEM32\WSOCK32.dll
0x00007ffdb9200000 - 0x00007ffdb9271000 	C:\Windows\System32\WS2_32.dll
0x00007ffdb6b20000 - 0x00007ffdb6b38000 	C:\Windows\SYSTEM32\kernel.appcore.dll
0x00007ffdb0910000 - 0x00007ffdb091a000 	C:\Program Files\Java\jdk-17\bin\jimage.dll
0x00007ffdb55b0000 - 0x00007ffdb57e2000 	C:\Windows\SYSTEM32\DBGHELP.DLL
0x00007ffdba240000 - 0x00007ffdba5cf000 	C:\Windows\System32\combase.dll
0x00007ffdb9b20000 - 0x00007ffdb9bf7000 	C:\Windows\System32\OLEAUT32.dll
0x00007ffd9be10000 - 0x00007ffd9be42000 	C:\Windows\SYSTEM32\dbgcore.DLL
0x00007ffdb7de0000 - 0x00007ffdb7e5b000 	C:\Windows\System32\bcryptPrimitives.dll
0x00007ffdad830000 - 0x00007ffdad83e000 	C:\Program Files\Java\jdk-17\bin\instrument.dll
0x00007ffda9a70000 - 0x00007ffda9a95000 	C:\Program Files\Java\jdk-17\bin\java.dll
0x00007ffd5a6e0000 - 0x00007ffd5a7b7000 	C:\Program Files\Java\jdk-17\bin\jsvml.dll
0x00007ffdb9280000 - 0x00007ffdb9af8000 	C:\Windows\System32\SHELL32.dll
0x00007ffdb5a10000 - 0x00007ffdb6318000 	C:\Windows\SYSTEM32\windows.storage.dll
0x00007ffdb58d0000 - 0x00007ffdb5a0f000 	C:\Windows\SYSTEM32\wintypes.dll
0x00007ffdb9c10000 - 0x00007ffdb9d0a000 	C:\Windows\System32\SHCORE.dll
0x00007ffdb8e50000 - 0x00007ffdb8eae000 	C:\Windows\System32\shlwapi.dll
0x00007ffdb7a50000 - 0x00007ffdb7a7b000 	C:\Windows\SYSTEM32\profapi.dll
0x00007ffdaccd0000 - 0x00007ffdacce8000 	C:\Program Files\Java\jdk-17\bin\zip.dll
0x00007ffdae0e0000 - 0x00007ffdae0f9000 	C:\Program Files\Java\jdk-17\bin\net.dll
0x00007ffdb0f40000 - 0x00007ffdb1076000 	C:\Windows\SYSTEM32\WINHTTP.dll
0x00007ffdb6f90000 - 0x00007ffdb6ff9000 	C:\Windows\system32\mswsock.dll
0x00007ffdae0c0000 - 0x00007ffdae0d6000 	C:\Program Files\Java\jdk-17\bin\nio.dll
0x00007ffdaccb0000 - 0x00007ffdaccca000 	C:\Program Files\JetBrains\IntelliJ IDEA Community Edition 2024.1.4\bin\breakgen64.dll
0x00007ffdad800000 - 0x00007ffdad810000 	C:\Program Files\Java\jdk-17\bin\verify.dll
0x00007ffdb7280000 - 0x00007ffdb729b000 	C:\Windows\SYSTEM32\CRYPTSP.dll
0x00007ffdb6a80000 - 0x00007ffdb6ab5000 	C:\Windows\system32\rsaenh.dll
0x00007ffdb7030000 - 0x00007ffdb7058000 	C:\Windows\SYSTEM32\USERENV.dll
0x00007ffdb7190000 - 0x00007ffdb719c000 	C:\Windows\SYSTEM32\CRYPTBASE.dll
0x00007ffdb6580000 - 0x00007ffdb65ad000 	C:\Windows\SYSTEM32\IPHLPAPI.DLL
0x00007ffdb9d10000 - 0x00007ffdb9d19000 	C:\Windows\System32\NSI.dll
0x00007ffdad5a0000 - 0x00007ffdad5b9000 	C:\Windows\SYSTEM32\dhcpcsvc6.DLL
0x00007ffdad560000 - 0x00007ffdad57f000 	C:\Windows\SYSTEM32\dhcpcsvc.DLL
0x00007ffdb65b0000 - 0x00007ffdb66b2000 	C:\Windows\SYSTEM32\DNSAPI.dll
0x00007ffdae0b0000 - 0x00007ffdae0be000 	C:\Program Files\Java\jdk-17\bin\sunmscapi.dll
0x00007ffdb8340000 - 0x00007ffdb84a6000 	C:\Windows\System32\CRYPT32.dll
0x00007ffdb73f0000 - 0x00007ffdb741d000 	C:\Windows\SYSTEM32\ncrypt.dll
0x00007ffdb73b0000 - 0x00007ffdb73e7000 	C:\Windows\SYSTEM32\NTASN1.dll
0x00007ffdafef0000 - 0x00007ffdafefa000 	C:\Program Files\Java\jdk-17\bin\management.dll
0x00007ffdaf880000 - 0x00007ffdaf88b000 	C:\Program Files\Java\jdk-17\bin\management_ext.dll
0x00007ffdad060000 - 0x00007ffdad06a000 	C:\Windows\System32\rasadhlp.dll
0x00007ffdacd10000 - 0x00007ffdacd93000 	C:\Windows\System32\fwpuclnt.dll
0x00007ffd95bd0000 - 0x00007ffd95be7000 	C:\Windows\system32\napinsp.dll
0x00007ffd95240000 - 0x00007ffd9525b000 	C:\Windows\system32\pnrpnsp.dll
0x00007ffd95220000 - 0x00007ffd95231000 	C:\Windows\System32\winrnr.dll
0x00007ffdad540000 - 0x00007ffdad555000 	C:\Windows\system32\wshbth.dll
0x00007ffd94340000 - 0x00007ffd94367000 	C:\Windows\system32\nlansp_c.dll
0x00007ffd79c70000 - 0x00007ffd79c78000 	C:\Windows\system32\wshunix.dll

dbghelp: loaded successfully - version: 4.0.5 - missing functions: none
symbol engine: initialized successfully - sym options: 0x614 - pdb path: .;C:\Program Files\Java\jdk-17\bin;C:\Windows\SYSTEM32;C:\Windows\WinSxS\amd64_microsoft.windows.common-controls_6595b64144ccf1df_6.0.22621.4541_none_2710d1c57384c085;C:\Program Files\Java\jdk-17\bin\server;C:\Program Files\JetBrains\IntelliJ IDEA Community Edition 2024.1.4\bin

VM Arguments:
jvm_args: -javaagent:C:\Program Files\JetBrains\IntelliJ IDEA Community Edition 2024.1.4\lib\idea_rt.jar=55505:C:\Program Files\JetBrains\IntelliJ IDEA Community Edition 2024.1.4\bin -Dfile.encoding=UTF-8 
java_command: com.cricket.lane.booking.management.CricketLaneBookingManagementApplication
java_class_path (initial): D:\java\cricket-lane-booking-management\target\classes;C:\Users\NIJANTHAN\.m2\repository\org\springframework\boot\spring-boot-starter-data-jpa\3.0.0\spring-boot-starter-data-jpa-3.0.0.jar;C:\Users\NIJANTHAN\.m2\repository\org\springframework\boot\spring-boot-starter-aop\3.0.0\spring-boot-starter-aop-3.0.0.jar;C:\Users\NIJANTHAN\.m2\repository\org\aspectj\aspectjweaver\1.9.9.1\aspectjweaver-1.9.9.1.jar;C:\Users\NIJANTHAN\.m2\repository\org\springframework\boot\spring-boot-starter-jdbc\3.0.0\spring-boot-starter-jdbc-3.0.0.jar;C:\Users\NIJANTHAN\.m2\repository\com\zaxxer\HikariCP\5.0.1\HikariCP-5.0.1.jar;C:\Users\NIJANTHAN\.m2\repository\org\springframework\spring-jdbc\6.0.2\spring-jdbc-6.0.2.jar;C:\Users\NIJANTHAN\.m2\repository\org\hibernate\orm\hibernate-core\6.1.5.Final\hibernate-core-6.1.5.Final.jar;C:\Users\NIJANTHAN\.m2\repository\jakarta\persistence\jakarta.persistence-api\3.1.0\jakarta.persistence-api-3.1.0.jar;C:\Users\NIJANTHAN\.m2\repository\jakarta\transaction\jakarta.transaction-api\2.0.1\jakarta.transaction-api-2.0.1.jar;C:\Users\NIJANTHAN\.m2\repository\org\jboss\logging\jboss-logging\3.5.0.Final\jboss-logging-3.5.0.Final.jar;C:\Users\NIJANTHAN\.m2\repository\org\hibernate\common\hibernate-commons-annotations\6.0.2.Final\hibernate-commons-annotations-6.0.2.Final.jar;C:\Users\NIJANTHAN\.m2\repository\org\jboss\jandex\2.4.2.Final\jandex-2.4.2.Final.jar;C:\Users\NIJANTHAN\.m2\repository\com\fasterxml\classmate\1.5.1\classmate-1.5.1.jar;C:\Users\NIJANTHAN\.m2\repository\net\bytebuddy\byte-buddy\1.12.19\byte-buddy-1.12.19.jar;C:\Users\NIJANTHAN\.m2\repository\org\glassfish\jaxb\jaxb-runtime\4.0.1\jaxb-runtime-4.0.1.jar;C:\Users\NIJANTHAN\.m2\repository\org\glassfish\jaxb\jaxb-core\4.0.1\jaxb-core-4.0.1.jar;C:\Users\NIJANTHAN\.m2\repository\org\glassfish\jaxb\txw2\4.0.1\txw2-4.0.1.jar;C:\Users\NIJANTHAN\.m2\repository\com\sun\istack\istack-commons-runtime\4.1.1\istack-commons-runtime-4.1.1.jar;C:\Users\NIJANTHAN\.m2\repository\jak
Launcher Type: SUN_STANDARD

[Global flags]
     intx CICompilerCount                          = 4                                         {product} {ergonomic}
     uint ConcGCThreads                            = 3                                         {product} {ergonomic}
     uint G1ConcRefinementThreads                  = 10                                        {product} {ergonomic}
   size_t G1HeapRegionSize                         = 2097152                                   {product} {ergonomic}
    uintx GCDrainStackTargetSize                   = 64                                        {product} {ergonomic}
   size_t InitialHeapSize                          = 264241152                                 {product} {ergonomic}
   size_t MarkStackSize                            = 4194304                                   {product} {ergonomic}
   size_t MaxHeapSize                              = 4215275520                                {product} {ergonomic}
   size_t MaxNewSize                               = 2529165312                                {product} {ergonomic}
   size_t MinHeapDeltaBytes                        = 2097152                                   {product} {ergonomic}
   size_t MinHeapSize                              = 8388608                                   {product} {ergonomic}
    uintx NonNMethodCodeHeapSize                   = 5839372                                {pd product} {ergonomic}
    uintx NonProfiledCodeHeapSize                  = 122909434                              {pd product} {ergonomic}
    uintx ProfiledCodeHeapSize                     = 122909434                              {pd product} {ergonomic}
    uintx ReservedCodeCacheSize                    = 251658240                              {pd product} {ergonomic}
     bool SegmentedCodeCache                       = true                                      {product} {ergonomic}
   size_t SoftMaxHeapSize                          = 4215275520                             {manageable} {ergonomic}
     bool UseCompressedClassPointers               = true                           {product lp64_product} {ergonomic}
     bool UseCompressedOops                        = true                           {product lp64_product} {ergonomic}
     bool UseG1GC                                  = true                                      {product} {ergonomic}
     bool UseLargePagesIndividualAllocation        = false                                  {pd product} {ergonomic}

Logging:
Log output configuration:
 #0: stdout all=warning uptime,level,tags
 #1: stderr all=off uptime,level,tags

Environment Variables:
JAVA_HOME=C:\Program Files\Java\jdk-17
PATH=C:\Program Files\Common Files\Oracle\Java\javapath;C:\Windows\system32;C:\Windows;C:\Windows\System32\Wbem;C:\Windows\System32\WindowsPowerShell\v1.0\;C:\Windows\System32\OpenSSH\;C:\Program Files\Java\jdk-17\bin;C:\Program Files\Git\cmd;C:\apache-maven-3.9.9\bin;C:\Program Files\nodejs\;C:\Program Files\Cloudflare\Cloudflare WARP\;C:\Program Files\dotnet\;C:\Program Files\Docker\Docker\resources\bin;C:\Program Files (x86)\Go\bin;C:\Users\NIJANTHAN\.console-ninja\.bin;C:\Program Files\MySQL\MySQL Shell 8.0\bin\;C:\Users\NIJANTHAN\AppData\Local\Microsoft\WindowsApps;C:\Program Files\JetBrains\IntelliJ IDEA Community Edition 2024.1.4\bin;;C:\Users\NIJANTHAN\AppData\Local\Programs\mongosh\;C:\Users\NIJANTHAN\AppData\Local\Programs\Microsoft VS Code\bin;C:\Program Files\MySQL\MySQL Server 8.0\bin;C:\Users\NIJANTHAN\AppData\Roaming\npm;C:\Users\NIJANTHAN\go\bin;C:\Program Files\JetBrains\GoLand 2024.3.1\bin;
USERNAME=NIJANTHAN
OS=Windows_NT
PROCESSOR_IDENTIFIER=Intel64 Family 6 Model 186 Stepping 2, GenuineIntel



---------------  S Y S T E M  ---------------

OS:
 Windows 11 , 64 bit Build 22621 (10.0.22621.4391)
OS uptime: 31 days 2:36 hours
Hyper-V role detected

CPU: total 12 (initial active 12) (6 cores per cpu, 2 threads per core) family 6 model 186 stepping 2 microcode 0x4112, cx8, cmov, fxsr, ht, mmx, 3dnowpref, sse, sse2, sse3, ssse3, sse4.1, sse4.2, popcnt, lzcnt, tsc, tscinvbit, avx, avx2, aes, erms, clmul, bmi1, bmi2, adx, sha, fma, vzeroupper, clflush, clflushopt, clwb, hv

Memory: 4k page, system-wide physical 16076M (220M free)
TotalPageFile size 44840M (AvailPageFile size 4M)
current process WorkingSet (physical memory assigned to process): 43M, peak: 286M
current process commit charge ("private bytes"): 304M, peak: 419M

vm_info: Java HotSpot(TM) 64-Bit Server VM (17.0.11+7-LTS-207) for windows-amd64 JRE (17.0.11+7-LTS-207), built on Mar 11 2024 19:01:50 by "mach5one" with MS VC++ 17.6 (VS2022)

END.
